      0
      0
      0
41.6667
48.2565
44.2449
44.6171
46.7814
46.0995
46.3092
46.1088
 46.942
47.0444
47.4656
47.7771
47.8748
48.2321
48.4745
48.9137
49.0486
49.4498
48.8282
49.7122
51.5402
46.9967
46.8328
43.0873
57.6643
     71
65.5025
      0
      0
      0
      0
      0
      0
      0
      0
      0
      0
      0
      0
      0
      0
      0
      0
      0
      0
      0
      0
      0
      0
      0
      0
      0
      0
      0
      0
      0
      0
      0
      0
      0
      0
      0
      0
      0
      0
      0
      0
      0
      0
      0
      0
      0
      0
      0
      0
      0
      0
