      0
      0
      0
      0
      0
55.4737
57.3659
58.2521
60.9109
59.1095
58.7771
60.4455
58.4473
57.7063
57.8445
56.8203
56.4157
56.2778
56.1099
56.0559
55.3196
56.5101
53.7844
54.5127
53.2176
56.5054
50.2289
51.6612
54.8065
59.0656
56.7433
      0
      0
      0
      0
      0
      0
      0
      0
      0
      0
      0
      0
      0
      0
      0
      0
      0
      0
      0
      0
      0
      0
      0
      0
      0
      0
      0
      0
      0
      0
      0
      0
      0
      0
      0
      0
      0
      0
      0
      0
      0
      0
      0
      0
      0
      0
      0
      0
      0
