      0
      0
      0
      0
      0
      0
     87
     57
80.8079
67.7129
66.2683
  75.71
  69.64
72.2252
72.3329
69.9734
68.1562
67.4654
66.7734
66.5513
68.2269
65.4045
64.2991
63.6927
63.3849
62.0925
60.9968
64.8744
 63.555
57.4734
67.2099
71.3025
     49
     27
     69
      0
      0
      0
      0
      0
      0
      0
      0
      0
      0
      0
      0
      0
      0
      0
      0
      0
      0
      0
      0
      0
      0
      0
      0
      0
      0
      0
      0
      0
      0
      0
      0
      0
      0
      0
      0
      0
      0
      0
      0
      0
      0
      0
      0
      0
