      0
      0
      0
      0
      0
      0
      0
      0
      0
     97
     88
     71
81.6784
80.2742
81.0036
81.9892
80.1235
82.6555
80.7968
76.6298
79.1694
73.7457
72.5711
73.7753
74.1606
 73.912
69.7149
71.0346
70.1767
79.5256
65.3575
69.8574
58.6706
62.4394
64.5146
      0
      0
      0
     77
      0
      0
      0
      0
      0
      0
      0
      0
      0
      0
      0
      0
      0
      0
      0
      0
      0
      0
      0
      0
      0
      0
      0
      0
      0
      0
      0
      0
      0
      0
      0
      0
      0
      0
      0
      0
      0
      0
      0
      0
      0
