      0
      0
      0
      0
      0
      0
      0
      0
      0
      0
      0
      0
    106
96.4603
106.535
129.675
96.4718
95.8379
89.5276
97.3581
90.8294
90.5593
91.5819
79.8648
82.7722
82.4467
84.5686
83.9652
78.0118
71.7499
74.7279
82.1522
81.1112
76.6982
88.6667
79.8041
72.4466
 66.463
     47
      0
      0
      0
      0
      0
      0
      0
      0
      0
      0
      0
      0
      0
      0
      0
      0
      0
      0
      0
      0
      0
      0
      0
      0
      0
      0
      0
      0
      0
      0
      0
      0
      0
      0
      0
      0
      0
      0
      0
      0
      0
