      0
      0
      0
      0
      0
      0
 51.549
62.4127
55.2107
57.1776
57.9218
57.9597
58.3763
59.2449
59.1593
59.5875
59.5437
60.1049
60.4127
60.8125
60.5141
61.0691
61.1997
61.2522
61.8987
62.5222
61.7468
63.5559
67.5597
61.9451
 73.259
61.1848
66.9104
     81
      0
      0
      0
      0
      0
      0
      0
      0
      0
      0
      0
      0
      0
      0
      0
      0
      0
      0
      0
      0
      0
      0
      0
      0
      0
      0
      0
      0
      0
      0
      0
      0
      0
      0
      0
      0
      0
      0
      0
      0
      0
      0
      0
      0
      0
      0
