      0
      0
      0
      0
      0
      0
     60
      0
68.4918
72.8863
72.9485
72.2144
71.0682
 69.693
70.0315
  70.49
69.9573
68.5668
69.3028
68.7191
68.5968
68.7693
68.0982
67.0239
68.1287
69.1083
68.0787
68.0133
69.1844
67.6909
69.7296
66.1648
 69.625
72.2075
      0
      0
      0
      0
     68
      0
      0
      0
      0
      0
      0
      0
      0
      0
      0
      0
      0
      0
      0
      0
      0
      0
      0
      0
      0
      0
      0
      0
      0
      0
      0
      0
      0
      0
      0
      0
      0
      0
      0
      0
      0
      0
      0
      0
      0
      0
