      0
      0
      0
      0
      0
      0
      0
      0
      0
86.5692
      0
  84.84
82.3537
76.7817
82.7921
80.1818
81.3471
79.5675
79.7841
81.0495
79.6561
78.7909
78.6118
77.4386
78.5613
75.7942
76.2497
75.6035
75.5909
74.4168
78.0002
74.1717
72.1752
80.3934
77.1785
76.9101
      0
     80
      0
      0
     56
      0
      0
      0
      0
      0
      0
      0
      0
      0
      0
      0
      0
      0
      0
      0
      0
      0
      0
      0
      0
      0
      0
      0
      0
      0
      0
      0
      0
      0
      0
      0
      0
      0
      0
      0
      0
      0
      0
      0
