      0
      0
      0
      0
      0
      0
      0
      0
      0
      0
     78
    109
      0
    110
102.438
96.7403
90.4492
92.9859
90.7013
93.4436
92.0601
91.6097
90.5009
89.7262
90.4675
86.6732
87.5725
88.8037
84.7965
84.8199
81.9617
81.9367
87.1455
80.7883
91.3445
82.2105
84.9643
85.3126
83.7003
75.6585
      0
     91
      0
      0
      0
      0
      0
      0
      0
      0
      0
      0
      0
      0
      0
      0
      0
      0
      0
      0
      0
      0
      0
      0
      0
      0
      0
      0
      0
      0
      0
      0
      0
      0
      0
      0
      0
      0
      0
      0
