      0
      0
      0
      0
      0
      0
      0
      0
      0
      0
      0
      0
      0
      0
     70
 121.67
96.3628
96.6346
92.5647
97.5617
107.539
110.358
101.853
99.2575
101.221
99.1792
95.5337
94.0346
99.1476
94.1659
 87.073
94.8566
95.8695
92.7578
92.2598
 85.845
88.0519
85.2379
91.7767
     93
88.3413
     99
     51
      0
92.4885
      0
      0
      0
      0
      0
      0
      0
      0
      0
      0
      0
      0
      0
      0
      0
      0
      0
      0
      0
      0
      0
      0
      0
      0
      0
      0
      0
      0
      0
      0
      0
      0
      0
      0
      0
