      0
      0
      0
      0
      0
      0
      0
      0
      0
      0
      0
    111
89.1871
75.7399
80.8048
79.3983
 84.644
 81.593
 82.135
 81.729
83.0006
82.3465
82.9216
84.0029
83.2611
82.0648
84.4026
83.7052
83.9665
82.8342
82.8846
82.6081
86.2307
87.0893
87.0193
86.9611
92.7675
72.3882
83.5169
      0
      0
      0
      0
      0
      0
      0
      0
      0
      0
      0
      0
      0
      0
      0
      0
      0
      0
      0
      0
      0
      0
      0
      0
      0
      0
      0
      0
      0
      0
      0
      0
      0
      0
      0
      0
      0
      0
      0
      0
      0
