      0
      0
      0
      0
      0
      0
      0
      0
      0
      0
      0
     91
      0
    100
86.9036
97.5899
92.7372
94.2978
88.0114
90.2512
90.2175
89.8152
91.3155
90.5011
92.1764
92.4232
92.2418
91.8064
  91.38
92.4762
92.0109
89.9753
92.3748
92.7991
91.7279
94.9137
86.6151
89.9168
88.3078
80.1141
96.1772
     86
98.3485
      0
      0
     85
      0
      0
      0
      0
      0
      0
      0
      0
      0
      0
      0
      0
      0
      0
      0
      0
      0
      0
      0
      0
      0
      0
      0
      0
      0
      0
      0
      0
      0
      0
      0
      0
      0
      0
