      0
      0
      0
      0
      0
      0
      0
      0
      0
      0
      0
      0
      0
      0
      0
116.668
125.333
95.8825
 102.57
101.343
102.619
103.701
 104.39
102.317
101.867
 101.21
100.367
99.6348
101.125
 101.79
100.116
101.144
98.5554
99.4309
100.822
 98.231
98.9345
97.5324
95.8802
95.0068
101.901
101.142
108.968
102.508
93.6377
      0
     95
      0
      0
      0
      0
      0
      0
      0
      0
      0
      0
      0
      0
    148
      0
      0
      0
      0
      0
      0
      0
      0
      0
      0
      0
      0
      0
      0
      0
      0
      0
      0
      0
      0
