      0
      0
      0
      0
      0
      0
      0
      0
      0
      0
      0
      0
      0
      0
      0
      0
    132
108.804
    141
121.264
117.926
126.729
113.894
119.755
111.907
115.563
111.037
112.746
109.059
112.476
 110.14
110.279
109.688
108.435
107.933
112.306
108.514
105.807
111.381
106.432
110.556
103.731
108.107
112.501
117.269
 100.16
109.368
      0
      0
    104
      0
      0
      0
      0
      0
      0
      0
      0
      0
      0
      0
      0
      0
      0
      0
      0
      0
      0
      0
      0
      0
      0
      0
      0
      0
      0
      0
      0
      0
      0
