      0
      0
      0
      0
      0
      0
      0
      0
      0
      0
      0
      0
      0
      0
      0
      0
      0
      0
    119
    114
      0
     93
122.586
122.649
121.356
117.416
116.956
124.292
121.371
 121.88
127.593
115.984
118.803
119.041
119.434
115.616
121.787
115.677
 114.49
116.665
114.818
113.021
 115.49
113.114
114.818
 103.47
107.144
    111
125.732
    120
      0
    104
      0
      0
    121
      0
      0
      0
      0
      0
      0
      0
      0
      0
      0
      0
      0
      0
      0
      0
      0
      0
      0
      0
      0
      0
      0
      0
      0
      0
