   -nan
   -nan
   -nan
   -nan
   -nan
   -nan
   -nan
   -nan
   -nan
   -nan
   -nan
    101
89.1871
78.5059
82.8269
86.4609
88.9338
85.5376
85.1922
85.4805
86.8725
86.9495
88.4154
89.2852
90.5707
91.3244
92.7558
93.7747
95.1335
97.1806
97.9925
98.4188
100.003
101.598
102.483
104.844
105.415
103.684
106.834
106.938
109.506
107.876
111.293
111.926
113.314
100.919
106.465
    111
125.732
112.047
   -nan
    104
   -nan
   -nan
    121
   -nan
   -nan
   -nan
   -nan
    148
   -nan
   -nan
   -nan
   -nan
   -nan
   -nan
   -nan
   -nan
   -nan
   -nan
   -nan
   -nan
   -nan
   -nan
   -nan
   -nan
   -nan
   -nan
   -nan
   -nan
