18.7087
18.8055
19.2047
19.5063
19.9492
20.1864
20.4173
20.4342
20.6208
 20.924
20.7463
20.8952
21.2868
21.3074
29.5113
54.1577
     62
     78
      0
     51
92.6364
      0
 93.453
41.4596
      0
      0
    123
     90
      0
      0
      0
      0
      0
      0
      0
      0
      0
      0
      0
      0
      0
      0
      0
      0
      0
      0
      0
      0
      0
      0
      0
      0
      0
      0
      0
      0
      0
      0
      0
      0
      0
      0
      0
      0
      0
      0
      0
      0
      0
      0
      0
      0
      0
      0
      0
      0
      0
      0
      0
      0
