      0
 32.625
34.8486
 33.911
33.8413
33.7959
31.6673
 31.893
29.9455
28.4765
28.3769
27.1568
27.1887
27.3377
24.4597
23.9245
28.6844
27.2538
      0
      0
      0
      0
      0
      0
      0
      0
      0
      0
      0
      0
      0
      0
      0
      0
      0
      0
      0
      0
      0
      0
      0
      0
      0
      0
      0
      0
      0
      0
      0
      0
      0
      0
      0
      0
      0
      0
      0
      0
      0
      0
      0
      0
      0
      0
      0
      0
      0
      0
      0
      0
      0
      0
      0
      0
      0
      0
      0
      0
      0
      0
