      0
      0
     58
65.7027
53.5652
44.3196
50.8273
46.0048
42.1021
 43.086
43.1064
37.9179
38.7805
39.0735
36.8947
33.8649
32.3618
28.4147
25.2708
30.4765
     18
      0
      0
      0
      0
      0
      0
      0
      0
      0
      0
      0
      0
      0
      0
      0
      0
      0
      0
      0
      0
      0
      0
      0
      0
      0
      0
      0
      0
      0
      0
      0
      0
      0
      0
      0
      0
      0
      0
      0
      0
      0
      0
      0
      0
      0
      0
      0
      0
      0
      0
      0
      0
      0
      0
      0
      0
      0
      0
      0
