      0
      0
      0
      0
      0
     69
      0
     70
60.7094
57.4451
51.5455
54.2521
51.9516
49.6676
49.7564
 47.768
47.1929
 44.485
48.9688
41.4981
32.0726
43.2197
42.5556
     52
     35
      0
      0
      0
      0
      0
      0
      0
      0
      0
      0
      0
      0
      0
      0
      0
      0
      0
      0
      0
      0
      0
      0
      0
      0
      0
      0
      0
      0
      0
      0
      0
      0
      0
      0
      0
      0
      0
      0
      0
      0
      0
      0
      0
      0
      0
      0
      0
      0
      0
      0
      0
      0
      0
      0
      0
