      0
      0
      0
      0
      0
     74
     90
      0
95.5085
     74
      0
66.3675
     99
66.5152
 56.596
 66.252
  46.28
60.9055
49.9685
52.3571
     51
56.8811
45.5359
54.5828
      0
48.8864
     46
      0
     21
      0
      0
      0
      0
      0
      0
      0
      0
      0
      0
      0
      0
      0
      0
      0
      0
      0
      0
      0
      0
      0
      0
      0
      0
      0
      0
      0
      0
      0
      0
      0
      0
      0
      0
      0
      0
      0
      0
      0
      0
      0
      0
      0
      0
      0
      0
      0
      0
      0
      0
      0
