  1.725
  5.175
  8.625
 12.075
 15.525
 18.975
 22.425
 25.875
 29.325
 32.775
 36.225
 39.675
 43.125
 46.575
 50.025
 53.475
 56.925
 60.375
 63.825
 67.275
 70.725
 74.175
 77.625
 81.075
 84.525
 87.975
 91.425
 94.875
 98.325
101.775
105.225
108.675
112.125
115.575
119.025
122.475
125.925
129.375
132.825
136.275
139.725
143.175
146.625
150.075
153.525
156.975
160.425
163.875
167.325
170.775
174.225
177.675
181.125
184.575
188.025
191.475
194.925
198.375
201.825
205.275
208.725
212.175
215.625
219.075
222.525
225.975
229.425
232.875
236.325
239.775
243.225
246.675
250.125
253.575
257.025
260.475
263.925
267.375
270.825
274.275
