     35
28.3571
31.2412
31.8133
  32.57
32.9795
33.4217
33.5221
34.1314
34.2477
34.5853
34.7276
34.9752
35.2228
35.1025
35.1037
34.8576
36.2396
35.9685
 36.229
31.9533
38.2568
59.9585
     31
70.3609
      0
      0
      0
      0
      0
      0
      0
83.5022
      0
      0
      0
      0
      0
      0
      0
      0
      0
      0
      0
      0
      0
      0
      0
      0
      0
      0
      0
      0
      0
      0
      0
      0
      0
      0
      0
      0
      0
      0
      0
      0
      0
      0
      0
      0
      0
      0
      0
      0
      0
      0
      0
      0
      0
      0
      0
