      0
      0
      0
38.7838
47.0408
47.1604
48.1712
45.6331
46.2832
 45.593
45.3565
44.4397
43.6531
43.7492
42.5733
43.1642
41.8905
41.5573
41.8923
  41.18
39.6011
43.6418
34.2352
37.0498
     43
 41.374
      0
     88
      0
      0
      0
      0
      0
      0
      0
      0
      0
      0
      0
      0
      0
      0
      0
      0
      0
      0
      0
      0
      0
      0
      0
      0
      0
      0
      0
      0
      0
      0
      0
      0
      0
      0
      0
      0
      0
      0
      0
      0
      0
      0
      0
      0
      0
      0
      0
      0
      0
      0
      0
      0
