      0
      0
      0
      0
     63
     70
57.7013
68.1196
55.2376
56.5927
55.9764
55.4586
56.8465
55.6838
54.9876
 53.872
52.1644
50.8905
50.8842
50.5879
50.1274
46.3671
49.6084
46.3751
50.6987
51.6996
     41
57.4607
      0
      0
     36
      0
      0
      0
      0
      0
      0
      0
      0
      0
      0
      0
      0
      0
      0
      0
      0
      0
      0
      0
      0
      0
      0
      0
      0
      0
      0
      0
      0
      0
      0
      0
      0
      0
      0
      0
      0
      0
      0
      0
      0
      0
      0
      0
      0
      0
      0
      0
      0
      0
