      0
      0
      0
      0
      0
      0
      0
      0
     88
75.8966
74.3092
71.6024
69.2717
 69.187
66.9068
65.9273
61.7324
65.1203
66.0343
59.2757
60.7303
56.4327
61.4613
52.1461
 50.203
57.5483
55.5045
     56
52.3333
45.3145
      0
      0
      0
      0
      0
      0
      0
      0
      0
      0
      0
      0
      0
      0
      0
      0
      0
      0
      0
      0
      0
      0
      0
      0
      0
      0
      0
      0
      0
      0
      0
      0
      0
      0
      0
      0
      0
      0
      0
      0
      0
      0
      0
      0
      0
      0
      0
      0
      0
      0
