      0
      0
      0
      0
      0
      0
      0
      0
      0
      0
     69
     98
      0
82.9397
72.5804
79.7273
 79.021
82.0035
77.9388
76.0698
73.4053
70.5987
71.4703
 65.659
59.7278
63.1839
63.5647
56.0084
68.9306
44.0132
64.6667
      0
      0
      0
     63
      0
      0
      0
      0
      0
      0
      0
      0
      0
      0
      0
      0
      0
      0
      0
      0
      0
      0
      0
      0
      0
      0
      0
      0
      0
      0
      0
      0
      0
      0
      0
      0
      0
      0
      0
      0
      0
      0
      0
      0
      0
      0
      0
      0
      0
