     35
28.3571
31.2412
31.8743
32.6744
  33.13
33.6738
33.7804
34.4446
34.6524
35.1374
35.4428
35.8763
36.5926
37.2331
38.4356
39.3254
 41.686
45.5589
47.5423
50.1467
50.7411
 57.054
51.8379
55.0172
56.7321
56.9057
59.1433
61.5436
44.7581
57.6019
   -nan
83.5022
   -nan
     63
   -nan
   -nan
   -nan
   -nan
   -nan
   -nan
   -nan
   -nan
   -nan
   -nan
   -nan
   -nan
   -nan
   -nan
   -nan
   -nan
   -nan
   -nan
   -nan
   -nan
   -nan
   -nan
   -nan
   -nan
   -nan
   -nan
   -nan
   -nan
   -nan
   -nan
   -nan
   -nan
   -nan
   -nan
   -nan
   -nan
   -nan
   -nan
   -nan
   -nan
   -nan
   -nan
   -nan
   -nan
   -nan
