5.06149
7.52151
6.81941
7.72565
10.2195
11.6313
11.7085
11.7587
12.9976
13.8425
 12.955
16.1329
18.0372
17.8623
27.0738
46.0798
     44
42.3333
      0
      0
     62
     47
      0
      0
     39
      0
    119
      0
      0
      0
      0
      0
      0
      0
      0
      0
      0
      0
      0
      0
      0
      0
      0
      0
      0
      0
      0
      0
      0
      0
      0
      0
      0
      0
      0
      0
      0
      0
      0
      0
      0
      0
      0
      0
      0
      0
      0
      0
      0
      0
      0
      0
      0
      0
      0
      0
      0
      0
      0
      0
