5.03816
7.17987
7.08122
7.01859
10.1238
 11.313
12.6854
12.6505
13.1175
14.4455
14.7137
13.9932
      4
     19
     66
      0
      4
    100
     59
      0
      0
      0
     87
      0
      0
      0
     95
      0
      0
      0
      0
      0
      0
      0
      0
      0
      0
    139
      0
      0
      0
      0
      0
      0
      0
      0
      0
      0
      0
      0
      0
      0
      0
      0
      0
      0
      0
      0
      0
      0
      0
      0
      0
      0
      0
      0
      0
      0
      0
      0
      0
      0
      0
      0
      0
      0
      0
      0
      0
      0
