 4.9357
7.51369
 6.9954
7.67219
9.66389
11.9246
11.7855
12.7109
13.4544
13.4093
8.80923
16.4566
16.0465
      0
      0
      0
      0
      0
      0
     51
      0
      0
      0
      0
      0
      0
      0
      0
      0
      0
      0
      0
      0
      0
      0
      0
      0
      0
      0
      0
      0
      0
      0
      0
      0
      0
      0
      0
      0
      0
      0
      0
      0
      0
      0
      0
      0
      0
      0
      0
      0
      0
      0
      0
      0
      0
      0
      0
      0
      0
      0
      0
      0
      0
      0
      0
      0
      0
      0
      0
