4.77135
   6.68
6.62103
6.39365
9.49848
   10.8
12.1607
10.2505
15.3486
14.9028
11.7143
     16
     14
      0
      0
      0
      0
      0
      0
      0
      0
      0
      0
      0
      0
    101
      0
      0
      0
      0
      0
      0
      0
      0
      0
      0
      0
    130
      0
      0
      0
      0
      0
      0
      0
      0
      0
      0
      0
      0
      0
      0
      0
      0
      0
      0
      0
      0
      0
      0
      0
      0
      0
      0
      0
      0
      0
      0
      0
      0
      0
      0
      0
      0
      0
      0
      0
      0
      0
      0
