5.09296
7.35683
6.92366
7.10882
9.53183
10.9742
12.0305
 13.295
12.5819
11.2065
16.2778
      0
      8
      0
      0
      0
      0
      0
      0
      0
      0
      0
      0
      0
    109
      0
      0
      0
      0
      0
      0
      0
      0
      0
      0
      0
      0
      0
      0
      0
      0
      0
      0
      0
      0
      0
      0
      0
      0
      0
      0
      0
      0
      0
      0
      0
      0
      0
      0
      0
      0
      0
      0
      0
      0
      0
      0
      0
      0
      0
      0
      0
      0
      0
      0
      0
      0
      0
      0
      0
