5.04818
7.46939
 6.8441
7.62127
10.1633
11.5917
11.8009
11.8409
13.0691
13.8561
12.9685
15.9777
  17.11
 17.921
32.6667
46.0798
     24
57.2929
     59
     51
     62
     47
     87
   -nan
74.4167
    101
 106.87
   -nan
   -nan
   -nan
   -nan
   -nan
   -nan
   -nan
   -nan
   -nan
   -nan
134.518
   -nan
   -nan
   -nan
   -nan
   -nan
   -nan
   -nan
   -nan
   -nan
   -nan
   -nan
   -nan
   -nan
   -nan
   -nan
   -nan
   -nan
   -nan
   -nan
   -nan
   -nan
   -nan
   -nan
   -nan
   -nan
   -nan
   -nan
   -nan
   -nan
   -nan
   -nan
   -nan
   -nan
   -nan
   -nan
   -nan
   -nan
   -nan
   -nan
   -nan
   -nan
   -nan
