      0
      0
      0
      0
      0
      0
      0
      0
      0
      0
      0
      0
      0
      0
      0
      0
      0
      0
    127
    113
105.322
109.105
 97.593
106.355
103.097
101.823
106.278
105.077
104.896
102.929
104.166
105.829
105.399
105.783
102.357
105.098
107.718
106.735
109.871
110.067
116.865
102.233
105.048
    113
    115
     96
      0
     83
      0
      0
     91
      0
      0
      0
      0
      0
      0
      0
      0
      0
      0
      0
      0
      0
      0
      0
      0
      0
      0
      0
      0
      0
      0
      0
      0
      0
      0
      0
      0
      0
