      0
      0
      0
      0
      0
      0
      0
      0
      0
      0
      0
      0
      0
      0
      0
      0
    112
      0
    111
    107
118.667
107.619
118.004
113.301
113.445
115.584
115.775
 114.55
111.701
113.813
110.999
 111.53
114.112
115.316
112.346
 112.87
111.817
113.486
114.706
114.349
114.917
113.572
113.501
 118.59
 116.51
106.003
109.559
116.336
    124
      0
     91
      0
      0
      0
      0
      0
      0
      0
      0
      0
      0
      0
      0
      0
      0
      0
      0
      0
      0
      0
      0
      0
      0
      0
      0
      0
      0
      0
      0
      0
