      0
      0
      0
      0
      0
      0
      0
      0
      0
      0
      0
      0
      0
      0
      0
      0
      0
      0
      0
    142
      0
114.442
122.302
141.509
119.792
135.316
120.783
128.637
126.091
122.581
 120.11
119.788
121.507
121.496
119.332
121.269
 123.59
122.682
117.713
121.097
121.396
 117.56
 122.37
121.409
119.695
114.629
 117.42
120.279
 121.02
 121.62
  124.5
    133
      0
      0
      0
     99
      0
      0
      0
      0
      0
      0
      0
      0
      0
      0
      0
      0
      0
      0
      0
      0
      0
      0
      0
      0
      0
      0
      0
      0
