      0
      0
      0
      0
      0
      0
      0
      0
      0
      0
      0
      0
      0
      0
      0
      0
      0
      0
      0
      0
      0
      0
      0
128.453
121.897
141.863
125.199
120.911
131.606
126.043
135.846
132.808
133.672
133.016
133.178
131.142
131.501
132.506
134.646
130.742
131.275
129.644
129.756
  125.1
128.129
133.346
132.982
127.597
136.814
 127.22
130.611
118.999
108.493
    125
123.689
    141
      0
125.625
      0
    118
      0
      0
      0
      0
      0
      0
      0
      0
      0
      0
      0
      0
      0
      0
      0
      0
      0
      0
      0
      0
