      0
      0
      0
      0
      0
      0
      0
      0
      0
      0
      0
      0
      0
      0
      0
      0
      0
      0
      0
      0
      0
      0
      0
      0
      0
      0
      0
152.937
 148.09
160.329
140.668
134.476
143.544
149.622
139.503
140.152
138.993
141.329
143.516
136.939
 138.59
140.368
136.838
134.138
136.215
135.155
134.863
134.823
136.781
137.609
139.744
126.763
152.355
127.957
154.528
    160
      0
      0
      0
      0
    106
      0
      0
      0
      0
      0
      0
      0
      0
      0
      0
      0
      0
      0
      0
      0
      0
      0
      0
      0
