   -nan
   -nan
   -nan
   -nan
   -nan
   -nan
   -nan
   -nan
   -nan
   -nan
   -nan
   -nan
   -nan
   -nan
   -nan
   -nan
    112
   -nan
    119
120.637
113.351
109.544
112.213
113.396
108.431
114.205
113.062
 114.69
114.209
114.068
115.204
114.638
  119.5
120.083
119.655
121.042
122.315
123.951
124.099
124.846
 127.09
125.466
127.673
126.401
127.521
127.606
128.417
128.141
133.888
132.848
 128.52
123.484
134.781
126.777
136.057
133.314
   -nan
125.625
   -nan
    118
    106
   -nan
   -nan
   -nan
   -nan
   -nan
   -nan
   -nan
   -nan
   -nan
   -nan
   -nan
   -nan
   -nan
   -nan
   -nan
   -nan
   -nan
   -nan
   -nan
