      0
      0
      0
      0
      0
      0
      0
      0
      0
      0
      0
      0
      0
      0
      0
     86
91.8058
88.8021
96.2578
93.9351
94.2722
89.9713
94.2324
91.1311
90.0684
93.8734
93.4004
93.7651
 94.279
95.3191
95.1389
94.0348
97.9775
97.4327
101.917
 95.917
96.6273
99.7789
96.4544
88.9853
    103
105.047
    133
      0
     91
     69
      0
      0
      0
      0
      0
      0
      0
      0
      0
      0
      0
      0
      0
      0
      0
      0
      0
      0
      0
      0
      0
      0
      0
      0
      0
      0
      0
      0
      0
      0
      0
      0
      0
      0
