      0
      0
      0
      0
      0
      0
      0
      0
      0
      0
      0
      0
      0
    110
      0
     95
     91
    124
103.436
107.657
110.411
101.548
106.106
 103.15
102.925
104.343
101.809
101.642
101.408
102.101
101.955
102.267
103.795
103.216
102.802
101.164
106.262
105.198
    101
104.649
103.324
92.3827
108.484
133.667
114.052
 114.53
117.523
      0
    108
      0
      0
      0
      0
      0
      0
      0
      0
      0
      0
      0
      0
      0
      0
      0
      0
      0
      0
      0
      0
      0
      0
      0
      0
      0
      0
      0
      0
      0
      0
      0
