      0
      0
      0
      0
      0
      0
      0
      0
      0
      0
      0
      0
      0
      0
      0
    135
    136
      0
      0
115.202
120.634
110.737
114.629
111.871
112.938
113.743
111.951
112.178
115.271
111.709
110.818
110.574
113.927
110.915
109.754
113.371
110.807
109.139
110.345
108.578
108.251
115.162
112.069
114.449
 111.34
107.224
106.341
110.498
      0
      0
      0
      0
      0
      0
      0
      0
      0
      0
      0
      0
      0
      0
      0
      0
      0
      0
      0
      0
      0
      0
      0
      0
      0
      0
      0
      0
      0
      0
      0
      0
