      0
      0
      0
      0
      0
      0
      0
      0
      0
      0
      0
      0
      0
      0
      0
      0
      0
      0
     81
      0
    134
 124.58
      0
121.442
126.059
128.738
116.085
123.465
 121.86
121.017
122.328
119.219
120.499
122.438
116.164
119.343
121.144
118.054
118.307
118.412
121.179
114.971
115.082
117.445
113.067
117.364
 116.87
123.769
113.991
    102
    101
105.085
    143
      0
      0
    122
      0
      0
      0
      0
      0
      0
      0
      0
      0
      0
      0
      0
      0
      0
      0
      0
      0
      0
      0
      0
      0
      0
      0
      0
