      0
      0
      0
      0
      0
      0
      0
      0
      0
      0
      0
      0
      0
      0
      0
    137
      0
      0
    135
    115
    142
      0
122.355
 117.46
130.006
135.655
125.486
130.294
134.386
131.708
125.377
136.581
128.716
128.118
123.099
129.652
131.814
126.644
124.449
126.664
128.404
129.084
128.124
132.858
127.362
126.502
128.875
133.064
 125.08
119.547
    117
 134.45
      0
    138
      0
 125.12
      0
    118
      0
      0
      0
      0
      0
      0
      0
      0
      0
      0
      0
      0
      0
      0
      0
      0
      0
      0
      0
      0
      0
      0
