   -nan
   -nan
   -nan
   -nan
   -nan
   -nan
   -nan
   -nan
   -nan
   -nan
   -nan
   -nan
   -nan
    110
   -nan
113.627
97.1092
91.7956
99.4613
100.987
99.8154
97.3223
99.7846
100.128
99.9022
102.618
101.396
103.526
 104.59
106.052
106.226
106.661
110.268
110.295
109.165
112.398
114.437
113.941
 114.41
114.922
118.472
118.469
118.431
123.176
119.534
118.357
121.815
127.353
121.473
 117.03
109.046
119.747
    143
    138
   -nan
124.084
   -nan
    118
   -nan
   -nan
   -nan
   -nan
   -nan
   -nan
   -nan
   -nan
   -nan
   -nan
   -nan
   -nan
   -nan
   -nan
   -nan
   -nan
   -nan
   -nan
   -nan
   -nan
   -nan
   -nan
