      0
      0
      0
      0
      0
      0
      0
      0
      0
     68
73.2927
70.8766
67.9716
69.9047
68.7257
71.9917
70.9533
 71.808
71.1842
71.1849
71.0263
  71.88
72.0856
72.8012
72.9885
73.0282
73.9944
 72.517
 72.771
 71.167
70.0704
75.8851
73.4407
78.6956
78.7652
75.5061
91.5782
      0
      0
      0
      0
      0
      0
      0
      0
      0
      0
      0
      0
      0
      0
      0
      0
      0
      0
      0
      0
      0
      0
      0
      0
      0
      0
      0
      0
      0
      0
      0
      0
      0
      0
      0
      0
      0
      0
      0
      0
      0
      0
      0
