      0
      0
      0
      0
      0
      0
      0
      0
      0
      0
     90
86.1207
73.2179
83.8096
83.5532
83.2055
 83.691
80.0227
81.0712
81.1508
81.0198
81.7819
81.4266
81.2297
80.6787
80.1565
80.5075
80.5642
79.7728
79.7839
79.9122
79.0775
 78.359
76.5295
79.1071
78.7634
83.2926
83.0206
      0
72.5859
      0
      0
      0
      0
      0
      0
      0
      0
      0
      0
    118
      0
      0
      0
      0
      0
      0
      0
      0
      0
      0
      0
      0
      0
      0
      0
      0
      0
      0
      0
      0
      0
      0
      0
      0
      0
      0
      0
      0
      0
