      0
      0
      0
      0
      0
      0
      0
      0
      0
      0
      0
      0
      0
     71
90.5526
96.0237
93.0027
95.6148
92.4168
90.3429
92.8394
91.3475
91.2856
91.6179
89.4838
89.7492
89.6629
 90.709
86.7469
88.4757
86.2684
86.3752
 86.683
87.3441
89.8057
81.5527
83.6803
87.2851
    100
90.2578
88.9571
     89
80.4608
      0
     91
      0
      0
      0
      0
      0
      0
      0
      0
      0
      0
      0
      0
      0
      0
      0
      0
      0
      0
      0
      0
      0
      0
      0
      0
      0
      0
      0
      0
      0
      0
      0
      0
      0
      0
      0
