      0
      0
      0
      0
      0
      0
      0
      0
      0
      0
      0
      0
      0
      0
    107
116.099
 87.104
102.362
105.853
101.772
107.409
103.161
105.461
103.285
98.7999
 101.38
 97.823
99.8289
101.852
99.3861
98.9875
94.1635
96.7452
96.2619
92.6359
93.8181
93.9639
89.3725
94.8674
92.3698
91.7456
97.9888
81.4863
     63
      0
    104
     62
      0
      0
      0
      0
      0
      0
      0
      0
      0
      0
      0
      0
      0
      0
      0
      0
      0
      0
      0
      0
      0
      0
      0
      0
      0
      0
      0
      0
      0
      0
      0
      0
      0
