      0
      0
      0
      0
      0
      0
      0
      0
      0
      0
      0
      0
      0
      0
      0
     87
      0
111.333
138.559
126.475
131.302
117.871
113.214
114.743
109.435
108.907
108.233
110.903
107.259
107.951
104.429
105.819
  107.1
108.737
104.042
104.839
104.465
108.424
104.315
99.3539
 105.76
 100.69
91.6765
101.415
115.283
      0
96.9335
      0
      0
      0
      0
      0
      0
      0
      0
      0
      0
      0
      0
      0
      0
      0
      0
      0
      0
      0
      0
      0
      0
      0
      0
      0
      0
      0
      0
      0
      0
      0
      0
      0
