   -nan
   -nan
   -nan
   -nan
   -nan
   -nan
   -nan
   -nan
   -nan
     68
74.9451
72.3096
 68.524
71.4422
70.8056
74.3272
  73.75
74.4119
74.5697
75.5477
76.2707
77.4425
78.2566
80.0003
80.2909
81.6204
  83.22
 85.461
85.2487
87.3081
88.3684
88.5216
90.9979
93.8433
 93.414
 93.635
95.2595
97.6357
99.8547
 92.488
97.6421
98.5233
85.3314
97.8975
109.222
    104
88.1322
   -nan
   -nan
   -nan
    118
   -nan
   -nan
   -nan
   -nan
   -nan
   -nan
   -nan
   -nan
   -nan
   -nan
   -nan
   -nan
   -nan
   -nan
   -nan
   -nan
   -nan
   -nan
   -nan
   -nan
   -nan
   -nan
   -nan
   -nan
   -nan
   -nan
   -nan
   -nan
   -nan
